<?xml version="1.0" encoding="UTF-8"?><COPC_IN000001GB01 xmlns="urn:hl7-org:v3">
   <id root="43D71317-C71C-427E-B780-5BF73B2EE99E"/>
   <creationTime value="20150603082736"/>
   <versionCode code="V3NPfIT4.2.00"/>
   <interactionId extension="COPC_IN000001GB01" root="2.16.840.1.113883.2.1.3.2.4.12"/>
   <processingCode code="P"/>
   <processingModeCode code="T"/>
   <acceptAckCode code="NE"/>
   <communicationFunctionRcv>
      <device classCode="DEV" determinerCode="INSTANCE">
         <id extension="866971180017" root="1.2.826.0.1285.0.2.0.107"/>
      </device>
   </communicationFunctionRcv>
   <communicationFunctionSnd>
      <device classCode="DEV" determinerCode="INSTANCE">
         <id extension="000000000000" root="1.2.826.0.1285.0.2.0.107"/>
      </device>
   </communicationFunctionSnd>
   <ControlActEvent classCode="CACT" moodCode="EVN">
      <author typeCode="AUT">
         <AgentPersonSDS classCode="AGNT">
            <id extension="012345678901" root="1.2.826.0.1285.0.2.0.67"/>
            <agentPersonSDS classCode="PSN" determinerCode="INSTANCE">
               <id extension="687227875014" root="1.2.826.0.1285.0.2.0.65"/>
            </agentPersonSDS>
            <part typeCode="PART">
               <partSDSRole classCode="ROL">
                  <id extension="S0080:G0450:R5080" root="1.2.826.0.1285.0.2.1.104"/>
               </partSDSRole>
            </part>
         </AgentPersonSDS>
      </author>

      <author1 typeCode="AUT">
         <AgentSystemSDS classCode="AGNT">
            <agentSystemSDS classCode="DEV" determinerCode="INSTANCE">
               <id extension="000000000000" root="1.2.826.0.1285.0.2.0.107"/>
            </agentSystemSDS>
         </AgentSystemSDS>
      </author1>
</ControlActEvent>
</COPC_IN000001GB01>
