<itk:DistributionEnvelope xmlns:itk="urn:nhs-itk:ns:201005"><itk:header service="urn:nhs-itk:services:201005:SendBusinessAck-v1-0" trackingid="BAFCEFBB-D189-4238-92C4-C2E3116A4EF3"><itk:addresslist><itk:address type="2.16.840.1.113883.2.1.3.2.4.18.22" uri="urn:nhs-uk:addressing:AAA:XZ901:XY7650987"/></itk:addresslist><itk:auditIdentity><itk:id type="2.16.840.1.113883.2.1.3.2.4.18.27" uri="urn:nhs-uk:identity:BBB:test:cdaresponder"/></itk:auditIdentity><itk:manifest count="1"><itk:manifestitem mimetype="text/xml" profileid="urn:nhs-en:profile:ITKBusinessAcknowledgement-v1-0" base64="false" compressed="false" encrypted="false" id="uuid_F7D9FAA3-1A2D-417A-9D7D-DC3702A1F7A5"/></itk:manifest><itk:senderAddress type="2.16.840.1.113883.2.1.3.2.4.18.22" uri="urn:nhs-uk:addressing:BBB:test:cdaresponder"/><itk:handlingSpecification><itk:spec key="urn:nhs-itk:ns:201005:interaction" value="urn:nhs-itk:interaction:ITKBusinessAcknowledgement-v1-0"/></itk:handlingSpecification></itk:header><itk:payloads count="1"><itk:payload id="uuid_F7D9FAA3-1A2D-417A-9D7D-DC3702A1F7A5"><hl7:BusinessResponseMessage xmlns:hl7="urn:hl7-org:v3" xmlns:xsi="http://www.w3.org/2001/XMLSchema-instance">
	<hl7:id root="0224B9B4-5F63-49C4-B03D-3185422BC63B"/>
	<hl7:creationTime value="20150603082736"/>
	<hl7:interactionId root="2.16.840.1.113883.2.1.3.2.4.12" extension="urn:nhs-itk:interaction:copyRecipientAmbulanceServicePatientReport-v1-0"/>
	<hl7:acknowledgedBy3 typeCode="AA">
		<hl7:conveyingTransmission>
			<hl7:id root="7D6F23E0-AE1A-11DB-8707-B18E1E0994EF"/>
		</hl7:conveyingTransmission>
	</hl7:acknowledgedBy3>
	<hl7:communicationFunction1 typeCode="SND">
		<hl7:entity classCode="ENT" determinerCode="INSTANCE">
			<hl7:id root="2.16.840.1.113883.2.1.3.2.4.18.22" extension="urn:nhs-uk:addressing:AAA:XZ901:XY7650987"/>
		</hl7:entity>
	</hl7:communicationFunction1>
	<hl7:communicationFunction typeCode="RCV">
		<hl7:entity classCode="ENT" determinerCode="INSTANCE">
			<hl7:id root="2.16.840.1.113883.2.1.3.2.4.18.22" extension="urn:nhs-uk:addressing:BBB:test:cdaresponder"/>
		</hl7:entity>
	</hl7:communicationFunction>
	<hl7:controlActEvent1 classCode="CACT" moodCode="EVN">
		<hl7:author typeCode="AUT" contextControlCode="OP">
			<hl7:COCD_TP145207GB01.AssignedAuthorDevice classCode="ASSIGNED">
				<hl7:id root="2.16.840.1.113883.2.1.3.2.4.18.24" extension="ITK-NICA-TKW"/>
				<hl7:templateId root="2.16.840.1.113883.2.1.3.2.4.18.2" extension="COCD_TP145207GB01#AssignedAuthorDevice"/>
				<hl7:assignedAuthoringDevice classCode="DEV" determinerCode="INSTANCE">
					<hl7:manufacturerModelName>ITK Accreditation NICA-TKW</hl7:manufacturerModelName>
					<hl7:softwareName>org.warlock.tk.internalservices.rules.routingactor.RoutingActor</hl7:softwareName>
					<hl7:templateId root="2.16.840.1.113883.2.1.3.2.4.18.2" extension="COCD_TP145207GB01#assignedAuthoringDevice"/>
				</hl7:assignedAuthoringDevice>
				<hl7:representedOrganization classCode="ORG" determinerCode="INSTANCE">
					<hl7:id root="2.16.840.1.113883.2.1.3.2.4.19.1" extension="X09"/>
					<hl7:name>NICA-TKW</hl7:name>
					<hl7:templateId root="2.16.840.1.113883.2.1.3.2.4.18.2" extension="COCD_TP145207GB01#representedOrganization"/>
				</hl7:representedOrganization>
			</hl7:COCD_TP145207GB01.AssignedAuthorDevice>
		</hl7:author>
	</hl7:controlActEvent1>
	<hl7:acknowledgedBy2 typeCode="AA">
		<hl7:conveyingTransmission>
			<hl7:id root="uuid_D4059820-1ACB-400A-B61D-A0A900A3D11F"/>
		</hl7:conveyingTransmission>
	</hl7:acknowledgedBy2>
</hl7:BusinessResponseMessage>
</itk:payload></itk:payloads></itk:DistributionEnvelope>
